make all --print-data-base --no-builtin-variables --no-builtin-rules --question
# GNU Make 3.81
# Copyright (C) 2006  Free Software Foundation, Inc.
# This is free software; see the source for copying conditions.
# There is NO warranty; not even for MERCHANTABILITY or FITNESS FOR A
# PARTICULAR PURPOSE.

# This program built for i386-apple-darwin11.3.0

# Make data base, printed on Thu Jul 20 10:05:56 2023

# Variables

# automatic
<D = $(patsubst %/,%,$(dir $<))
# environment
RUBY_VERSION = ruby-2.6.10
# automatic
?F = $(notdir $?)
# environment
ELECTRON_NO_ATTACH_CONSOLE = 1
# environment
VSCODE_CRASH_REPORTER_PROCESS_TYPE = extensionHost
# environment
LC_CTYPE = UTF-8
# environment
NVM_INC = /Users/cedric/.nvm/versions/node/v18.6.0/include/node
# automatic
?D = $(patsubst %/,%,$(dir $?))
# environment
rvm_path = /Users/cedriclombardot/.rvm
# environment
BASH_SILENCE_DEPRECATION_WARNING = 1
# automatic
@D = $(patsubst %/,%,$(dir $@))
# automatic
@F = $(notdir $@)
# makefile
CURDIR := /Users/cedriclombardot/docker-public-images
# makefile
SHELL = /bin/sh
# environment
VSCODE_NLS_CONFIG = {"locale":"en-gb","osLocale":"en-gb","availableLanguages":{},"_languagePackSupport":true}
# environment
_ = /usr/bin/make
# makefile (from `Makefile', line 1)
MAKEFILE_LIST :=  Makefile
# environment
__CFBundleIdentifier = com.microsoft.VSCode
# environment
VSCODE_CWD = /Users/cedriclombardot/docker-public-images
# environment
PATH = /Library/Frameworks/Python.framework/Versions/2.7/bin:/usr/local/opt/node@18/bin:/opt/local/bin:/opt/local/sbin:/usr/local/opt/php@7.4/sbin:/usr/local/opt/php@7.4/bin:/usr/local/opt/php@7.2/sbin:/usr/local/opt/php@7.2/bin:/usr/local/opt/php@7.1/sbin:/usr/local/opt/php@7.1/bin:/opt/local/bin:/opt/local/sbin:/usr/local/sbin:/Users/cedriclombardot/.rvm/gems/ruby-2.6.10/bin:/Users/cedriclombardot/.rvm/gems/ruby-2.6.10@global/bin:/Users/cedriclombardot/.rvm/rubies/ruby-2.6.10/bin:/Users/cedriclombardot/.rbenv/shims:/Users/cedric/.nvm/versions/node/v18.6.0/bin:/opt/local/bin:/opt/local/sbin:/usr/local/opt/php@8.0/sbin:/usr/local/opt/php@8.0/bin:/usr/local/opt/php@8.0/sbin:/usr/local/opt/php@8.0/bin:/usr/local/bin:/usr/bin:/bin:/usr/sbin:/sbin:/Library/Apple/usr/bin:/Users/cedriclombardot/Library/Android/sdk/tools:/Users/cedriclombardot/Library/Android/sdk/platform-tools:/Applications/MySQLWorkbench.app/Contents/MacOS:/Users/cedriclombardot/.rvm/bin:/opt/metasploit-framework/bin:/opt/metasploit-framework/bin
# environment
VSCODE_HANDLES_UNCAUGHT_ERRORS = true
# environment
NVM_BIN = /Users/cedric/.nvm/versions/node/v18.6.0/bin
# environment
LaunchInstanceID = 9CB7A7BE-4508-4637-9064-6CE662C67D3D
# environment
ELECTRON_RUN_AS_NODE = 1
# environment
ANDROID_HOME = /Users/cedriclombardot/Library/Android/sdk
# default
.FEATURES := target-specific order-only second-expansion else-if archives jobserver check-symlink
# environment
SSH_AUTH_SOCK = /private/tmp/com.apple.launchd.tEzaebpOY9/Listeners
# automatic
%F = $(notdir $%)
# environment
rvm_bin_path = /Users/cedriclombardot/.rvm/bin
# environment
PWD = /Users/cedriclombardot/docker-public-images
# environment
PROJECT_HOME = /Users/cedriclombardot/Devel
# environment
GEM_HOME = /Users/cedriclombardot/.rvm/gems/ruby-2.6.10
# environment
ORIGINAL_XDG_CURRENT_DESKTOP = undefined
# environment
VSCODE_AMD_ENTRYPOINT = vs/workbench/api/node/extensionHostProcess
# environment
HOME = /Users/cedriclombardot
# default
MAKEFILEPATH := /Applications/Xcode.app/Contents/Developer/Makefiles
# environment
VSCODE_CLI = 1
# environment
VSCODE_CODE_CACHE_PATH = /Users/cedriclombardot/Library/Application Support/Code/CachedData/695af097c7bd098fbf017ce3ac85e09bbc5dda06
# environment
LOGNAME = cedriclombardot
# environment
APPLICATION_INSIGHTS_NO_DIAGNOSTIC_CHANNEL = 1
# environment
WORKON_HOME = /Users/cedriclombardot/.virtualenvs
# automatic
^D = $(patsubst %/,%,$(dir $^))
# environment
GEM_PATH = /Users/cedriclombardot/.rvm/gems/ruby-2.6.10:/Users/cedriclombardot/.rvm/gems/ruby-2.6.10@global
# environment
XPC_FLAGS = 0x0
# default
MAKE = $(MAKE_COMMAND)
# default
MAKECMDGOALS := all
# environment
IRBRC = /Users/cedriclombardot/.rvm/rubies/ruby-2.6.10/.irbrc
# environment
SHLVL = 3
# environment
JAVA_HOME = /Library/Java/JavaVirtualMachines/jdk-9.0.4.jdk/Contents/Home
# default
MAKE_VERSION := 3.81
# environment
USER = cedriclombardot
# makefile
.DEFAULT_GOAL := build
# environment
TERM_SESSION_ID = 1B6B9964-185E-4D67-BFB8-561286FF21A1
# environment
rvm_version = 1.29.12 (latest)
# automatic
%D = $(patsubst %/,%,$(dir $%))
# default
MAKE_COMMAND := /Applications/Xcode.app/Contents/Developer/usr/bin/make
# environment
TERM_PROGRAM = Apple_Terminal
# default
.VARIABLES := 
# environment
TMPDIR = /var/folders/q4/j4mg9cp97dggs5bxttnxbbf80000gn/T/
# automatic
*F = $(notdir $*)
# environment
VSCODE_IPC_HOOK = /Users/cedriclombardot/Library/Application Support/Code/1.79-main.sock
# environment
MallocNanoZone = 0
# makefile
MAKEFLAGS = Rrqp
# environment
MFLAGS = -Rrqp
# automatic
*D = $(patsubst %/,%,$(dir $*))
# environment
TERM_PROGRAM_VERSION = 445
# environment
NVM_DIR = /Users/cedric/.nvm
# environment
XPC_SERVICE_NAME = application.com.microsoft.VSCode.166497231.166497237.C86E448B-64BB-4BAD-AC93-62A5E3364C63
# automatic
+D = $(patsubst %/,%,$(dir $+))
# automatic
+F = $(notdir $+)
# environment
__CF_USER_TEXT_ENCODING = 0x1F5:0x0:0x2
# environment
COMMAND_MODE = unix2003
# default
MAKEFILES := 
# environment
RBENV_SHELL = bash
# automatic
<F = $(notdir $<)
# environment
ANDROID_SDK_ROOT = /Users/cedriclombardot/Library/Android/sdk
# environment
LC_ALL = C
# environment
SECURITYSESSIONID = 186a6
# automatic
^F = $(notdir $^)
# environment
rvm_prefix = /Users/cedriclombardot
# default
SUFFIXES := 
# default
.INCLUDE_DIRS = /usr/local/include
# environment
MAKELEVEL := 0
# environment
LANG = C
# environment
TERM = xterm-256color
# environment
VSCODE_PID = 85676
# environment
MY_RUBY_HOME = /Users/cedriclombardot/.rvm/rubies/ruby-2.6.10
# variable set hash-table stats:
# Load=87/1024=8%, Rehash=0, Collisions=4/111=4%

# Pattern-specific Variable Values

# No pattern-specific variable values.

# Directories

# . (device 16777224, inode 2913834): 26 files, no impossibilities.

# 26 files, no impossibilities in 1 directories.

# Implicit Rules

# No implicit rules.

# Files

build-symfony:
#  Implicit rule search has not been done.
#  Modification time never checked.
#  File has not been updated.
#  commands to execute (from `Makefile', line 15):
	docker build -t donkeycode/php-symfony:${version}-fpm -f php-symfony/Dockerfile-${version}-fpm php-symfony
	docker push donkeycode/php-symfony:${version}-fpm
	docker build -t donkeycode/php-nginx-symfony:${version}-fpm -f php-nginx-symfony/Dockerfile-${version} php-nginx-symfony
	docker push donkeycode/php-nginx-symfony:${version}-fpm
	

# Not a target:
all:
#  Command-line target.
#  Implicit rule search has been done.
#  File does not exist.
#  File has not been updated.
# variable set hash-table stats:
# Load=0/32=0%, Rehash=0, Collisions=0/0=0%

build-php-symfony:
#  Implicit rule search has not been done.
#  Modification time never checked.
#  File has not been updated.
#  commands to execute (from `Makefile', line 29):
	make build-php version=${version}
	make build-symfony version=${version}
	make build-symfony-wkhtmltopdf version=${version}
	

# Not a target:
.SUFFIXES:
#  Implicit rule search has not been done.
#  Modification time never checked.
#  File has not been updated.

# Not a target:
Makefile:
#  Implicit rule search has been done.
#  Last modified 2023-03-21 13:54:19
#  File has been updated.
#  Successfully updated.
# variable set hash-table stats:
# Load=0/32=0%, Rehash=0, Collisions=0/0=0%

build:
#  Implicit rule search has not been done.
#  Modification time never checked.
#  File has not been updated.
#  commands to execute (from `Makefile', line 2):
	echo "Prepare building ${package}"
	docker build -t donkeycode/${package} ${package}
	docker push donkeycode/${package}
	

build-php:
#  Implicit rule search has not been done.
#  Modification time never checked.
#  File has not been updated.
#  commands to execute (from `Makefile', line 7):
	docker build -t donkeycode/php:${version}-fpm -f php/Dockerfile-${version}-fpm php
 
make: *** No rule to make target `all'.  Stop.

	docker push donkeycode/php:${version}-fpm
	

# Not a target:
.DEFAULT:
#  Implicit rule search has not been done.
#  Modification time never checked.
#  File has not been updated.

build-caddy-symfony:
#  Implicit rule search has not been done.
#  Modification time never checked.
#  File has not been updated.
#  commands to execute (from `Makefile', line 11):
	docker build -t donkeycode/php-caddy-symfony:${version}-fpm -f php-caddy-symfony/Dockerfile-${version} php-caddy-symfony
	docker push donkeycode/php-caddy-symfony:${version}-fpm
	

build-old-alpine:
#  Implicit rule search has not been done.
#  Modification time never checked.
#  File has not been updated.
#  commands to execute (from `Makefile', line 34):
	docker build -t donkeycode/php:${version}-fpm-alpine3.13-20211215 -f php/Dockerfile-${version}-fpm-alpine3.13 php
	docker push donkeycode/php:${version}-fpm-alpine3.13-20211215
	docker build -t donkeycode/php-symfony:${version}-fpm-alpine3.13-20211215 -f php-symfony/Dockerfile-${version}-fpm-alpine3.13 php-symfony
	docker push donkeycode/php-symfony:${version}-fpm-alpine3.13-20211215
	docker build -t donkeycode/php-symfony:${version}-fpm-wkhtmltopdf-alpine3.13-20211215 -f php-symfony/Dockerfile-${version}-fpm-wkhtmltopdf-alpine3.13 php-symfony
	docker push donkeycode/php-symfony:${version}-fpm-wkhtmltopdf-alpine3.13-20211215
	docker build -t donkeycode/php-nginx-symfony:${version}-fpm-wkhtmltopdf-alpine3.13-20211215 -f php-nginx-symfony/Dockerfile-${version}-fpm-wkhtmltopdf-alpine3.13 php-nginx-symfony
	docker push donkeycode/php-nginx-symfony:${version}-fpm-wkhtmltopdf-alpine3.13-20211215
	

build-symfony-wkhtmltopdf:
#  Implicit rule search has not been done.
#  Modification time never checked.
#  File has not been updated.
#  commands to execute (from `Makefile', line 22):
	docker build -t donkeycode/php-symfony:${version}-fpm-wkhtmltopdf -f php-symfony/Dockerfile-${version}-fpm-wkhtmltopdf php-symfony
	docker push donkeycode/php-symfony:${version}-fpm-wkhtmltopdf
	docker build -t donkeycode/php-nginx-symfony:${version}-fpm-wkhtmltopdf -f php-nginx-symfony/Dockerfile-${version}-fpm-wkhtmltopdf php-nginx-symfony
	docker push donkeycode/php-nginx-symfony:${version}-fpm-wkhtmltopdf
	

# files hash-table stats:
# Load=11/1024=1%, Rehash=0, Collisions=0/23=0%
# VPATH Search Paths

# No `vpath' search paths.

# No general (`VPATH' variable) search path.

# # of strings in strcache: 1
# # of strcache buffers: 1
# strcache size: total = 4096 / max = 4096 / min = 4096 / avg = 4096
# strcache free: total = 4087 / max = 4087 / min = 4087 / avg = 4087

# Finished Make data base on Thu Jul 20 10:05:56 2023

 
